<?xml version="1.0" encoding="UTF-8" standalone="yes" ?>
<test-results name="C:\#LSCarvalho\Projetos\Fortes\Gestao_Posto_Combustivel\testes\Win32\Debug\PrjTestesGestaoPostoCombustivel.exe" total="1" errors="0" failures="0" ignored="0" inconclusive="0" not-run="0" skipped="0" invalid="0" date="2023-11-17" time="2.377">
  <culture-info current-culture="en" current-uiculture="en" />
  <test-suite type="Assembly" name="PrjTestesGestaoPostoCombustivel.exe" executed="true" result="Success" success="True" time="2.377" asserts="0">
    <results>
        <test-suite type="Namespace" name="UTestesAbastecimento" executed="true" result="Success" success="True" time="2.376" asserts="0" >
          <results>
              <test-suite type="Fixture" name="TTestesAbastecimento" executed="True" result="Success" success="True" time="2.376" >
                <results>
                  <test-case name="TesteCalculoValorTotal" executed="True" result="Success" success="True" time="0.000" asserts="0" />
                </results>
              </test-suite>
          </results>
        </test-suite>
    </results>
  </test-suite>
</test-results>
